<?xml version="1.0" encoding="UTF-8" standalone="yes"?><!DOCTYPE report PUBLIC "-//JACOCO//DTD Report 1.1//EN" "report.dtd"><report name="MyMoney"><sessioninfo id="Saikrishnas-MBP-f35b75c" start="1674257574056" dump="1674257576029"/><package name="com/saikrishna/mymoney/constants"><class name="com/saikrishna/mymoney/constants/Constants" sourcefilename="Constants.java"><method name="&lt;clinit&gt;" desc="()V" line="4"><counter type="INSTRUCTION" missed="0" covered="3"/><counter type="LINE" missed="0" covered="1"/><counter type="COMPLEXITY" missed="0" covered="1"/><counter type="METHOD" missed="0" covered="1"/></method><counter type="INSTRUCTION" missed="0" covered="3"/><counter type="LINE" missed="0" covered="1"/><counter type="COMPLEXITY" missed="0" covered="1"/><counter type="METHOD" missed="0" covered="1"/><counter type="CLASS" missed="0" covered="1"/></class><class name="com/saikrishna/mymoney/constants/Month" sourcefilename="Month.java"><method name="getMonthList" desc="()Ljava/util/List;" line="21"><counter type="INSTRUCTION" missed="0" covered="3"/><counter type="LINE" missed="0" covered="1"/><counter type="COMPLEXITY" missed="0" covered="1"/><counter type="METHOD" missed="0" covered="1"/></method><method name="getPreviousMonth" desc="(Lcom/saikrishna/mymoney/constants/Month;)Lcom/saikrishna/mymoney/constants/Month;" line="25"><counter type="INSTRUCTION" missed="0" covered="14"/><counter type="BRANCH" missed="0" covered="2"/><counter type="LINE" missed="0" covered="2"/><counter type="COMPLEXITY" missed="0" covered="2"/><counter type="METHOD" missed="0" covered="1"/></method><method name="getMonthIndex" desc="(Lcom/saikrishna/mymoney/constants/Month;)I" line="30"><counter type="INSTRUCTION" missed="0" covered="4"/><counter type="LINE" missed="0" covered="1"/><counter type="COMPLEXITY" missed="0" covered="1"/><counter type="METHOD" missed="0" covered="1"/></method><method name="getMonth" desc="(Ljava/lang/String;)Lcom/saikrishna/mymoney/constants/Month;" line="35"><counter type="INSTRUCTION" missed="0" covered="6"/><counter type="LINE" missed="0" covered="3"/><counter type="COMPLEXITY" missed="0" covered="1"/><counter type="METHOD" missed="0" covered="1"/></method><method name="&lt;clinit&gt;" desc="()V" line="6"><counter type="INSTRUCTION" missed="0" covered="75"/><counter type="LINE" missed="0" covered="13"/><counter type="COMPLEXITY" missed="0" covered="1"/><counter type="METHOD" missed="0" covered="1"/></method><counter type="INSTRUCTION" missed="0" covered="102"/><counter type="BRANCH" missed="0" covered="2"/><counter type="LINE" missed="0" covered="20"/><counter type="COMPLEXITY" missed="0" covered="6"/><counter type="METHOD" missed="0" covered="5"/><counter type="CLASS" missed="0" covered="1"/></class><class name="com/saikrishna/mymoney/constants/AssetType" sourcefilename="AssetType.java"><method name="getAssetList" desc="()Ljava/util/List;" line="12"><counter type="INSTRUCTION" missed="0" covered="3"/><counter type="LINE" missed="0" covered="1"/><counter type="COMPLEXITY" missed="0" covered="1"/><counter type="METHOD" missed="0" covered="1"/></method><method name="&lt;clinit&gt;" desc="()V" line="6"><counter type="INSTRUCTION" missed="0" covered="21"/><counter type="LINE" missed="0" covered="4"/><counter type="COMPLEXITY" missed="0" covered="1"/><counter type="METHOD" missed="0" covered="1"/></method><counter type="INSTRUCTION" missed="0" covered="24"/><counter type="LINE" missed="0" covered="5"/><counter type="COMPLEXITY" missed="0" covered="2"/><counter type="METHOD" missed="0" covered="2"/><counter type="CLASS" missed="0" covered="1"/></class><sourcefile name="Month.java"><line nr="6" mi="0" ci="3" mb="0" cb="0"/><line nr="7" mi="0" ci="6" mb="0" cb="0"/><line nr="8" mi="0" ci="6" mb="0" cb="0"/><line nr="9" mi="0" ci="6" mb="0" cb="0"/><line nr="10" mi="0" ci="6" mb="0" cb="0"/><line nr="11" mi="0" ci="6" mb="0" cb="0"/><line nr="12" mi="0" ci="6" mb="0" cb="0"/><line nr="13" mi="0" ci="6" mb="0" cb="0"/><line nr="14" mi="0" ci="6" mb="0" cb="0"/><line nr="15" mi="0" ci="6" mb="0" cb="0"/><line nr="16" mi="0" ci="6" mb="0" cb="0"/><line nr="17" mi="0" ci="6" mb="0" cb="0"/><line nr="18" mi="0" ci="6" mb="0" cb="0"/><line nr="21" mi="0" ci="3" mb="0" cb="0"/><line nr="25" mi="0" ci="5" mb="0" cb="0"/><line nr="26" mi="0" ci="9" mb="0" cb="2"/><line nr="30" mi="0" ci="4" mb="0" cb="0"/><line nr="35" mi="0" ci="3" mb="0" cb="0"/><line nr="36" mi="0" ci="1" mb="0" cb="0"/><line nr="37" mi="0" ci="2" mb="0" cb="0"/><counter type="INSTRUCTION" missed="0" covered="102"/><counter type="BRANCH" missed="0" covered="2"/><counter type="LINE" missed="0" covered="20"/><counter type="COMPLEXITY" missed="0" covered="6"/><counter type="METHOD" missed="0" covered="5"/><counter type="CLASS" missed="0" covered="1"/></sourcefile><sourcefile name="Constants.java"><line nr="4" mi="0" ci="3" mb="0" cb="0"/><counter type="INSTRUCTION" missed="0" covered="3"/><counter type="LINE" missed="0" covered="1"/><counter type="COMPLEXITY" missed="0" covered="1"/><counter type="METHOD" missed="0" covered="1"/><counter type="CLASS" missed="0" covered="1"/></sourcefile><sourcefile name="AssetType.java"><line nr="6" mi="0" ci="3" mb="0" cb="0"/><line nr="7" mi="0" ci="6" mb="0" cb="0"/><line nr="8" mi="0" ci="6" mb="0" cb="0"/><line nr="9" mi="0" ci="6" mb="0" cb="0"/><line nr="12" mi="0" ci="3" mb="0" cb="0"/><counter type="INSTRUCTION" missed="0" covered="24"/><counter type="LINE" missed="0" covered="5"/><counter type="COMPLEXITY" missed="0" covered="2"/><counter type="METHOD" missed="0" covered="2"/><counter type="CLASS" missed="0" covered="1"/></sourcefile><counter type="INSTRUCTION" missed="0" covered="129"/><counter type="BRANCH" missed="0" covered="2"/><counter type="LINE" missed="0" covered="26"/><counter type="COMPLEXITY" missed="0" covered="9"/><counter type="METHOD" missed="0" covered="8"/><counter type="CLASS" missed="0" covered="3"/></package><package name="com/saikrishna/mymoney/utils"><class name="com/saikrishna/mymoney/utils/Utils" sourcefilename="Utils.java"><method name="&lt;init&gt;" desc="()V" line="11"><counter type="INSTRUCTION" missed="3" covered="0"/><counter type="LINE" missed="1" covered="0"/><counter type="COMPLEXITY" missed="1" covered="0"/><counter type="METHOD" missed="1" covered="0"/></method><method name="convertToIntegerList" desc="([Ljava/lang/String;)Ljava/util/List;" line="14"><counter type="INSTRUCTION" missed="0" covered="36"/><counter type="BRANCH" missed="0" covered="4"/><counter type="LINE" missed="0" covered="6"/><counter type="COMPLEXITY" missed="0" covered="3"/><counter type="METHOD" missed="0" covered="1"/></method><method name="convertToDoubleList" desc="([Ljava/lang/String;I)Ljava/util/List;" line="26"><counter type="INSTRUCTION" missed="0" covered="48"/><counter type="BRANCH" missed="1" covered="5"/><counter type="LINE" missed="0" covered="10"/><counter type="COMPLEXITY" missed="1" covered="3"/><counter type="METHOD" missed="0" covered="1"/></method><method name="transformToFunds" desc="(Ljava/util/List;)Ljava/util/List;" line="41"><counter type="INSTRUCTION" missed="0" covered="28"/><counter type="BRANCH" missed="0" covered="2"/><counter type="LINE" missed="0" covered="4"/><counter type="COMPLEXITY" missed="0" covered="2"/><counter type="METHOD" missed="0" covered="1"/></method><method name="isCollectionEmpty" desc="(Ljava/util/Collection;)Z" line="49"><counter type="INSTRUCTION" missed="0" covered="9"/><counter type="BRANCH" missed="0" covered="4"/><counter type="LINE" missed="0" covered="1"/><counter type="COMPLEXITY" missed="0" covered="3"/><counter type="METHOD" missed="0" covered="1"/></method><counter type="INSTRUCTION" missed="3" covered="121"/><counter type="BRANCH" missed="1" covered="15"/><counter type="LINE" missed="1" covered="21"/><counter type="COMPLEXITY" missed="2" covered="11"/><counter type="METHOD" missed="1" covered="4"/><counter type="CLASS" missed="0" covered="1"/></class><class name="com/saikrishna/mymoney/utils/StringUtils" sourcefilename="StringUtils.java"><method name="&lt;init&gt;" desc="()V" line="3"><counter type="INSTRUCTION" missed="3" covered="0"/><counter type="LINE" missed="1" covered="0"/><counter type="COMPLEXITY" missed="1" covered="0"/><counter type="METHOD" missed="1" covered="0"/></method><method name="isInteger" desc="(Ljava/lang/String;)Z" line="7"><counter type="INSTRUCTION" missed="0" covered="8"/><counter type="LINE" missed="0" covered="4"/><counter type="COMPLEXITY" missed="0" covered="1"/><counter type="METHOD" missed="0" covered="1"/></method><method name="isDouble" desc="(Ljava/lang/String;)Z" line="16"><counter type="INSTRUCTION" missed="0" covered="8"/><counter type="LINE" missed="0" covered="4"/><counter type="COMPLEXITY" missed="0" covered="1"/><counter type="METHOD" missed="0" covered="1"/></method><counter type="INSTRUCTION" missed="3" covered="16"/><counter type="LINE" missed="1" covered="8"/><counter type="COMPLEXITY" missed="1" covered="2"/><counter type="METHOD" missed="1" covered="2"/><counter type="CLASS" missed="0" covered="1"/></class><class name="com/saikrishna/mymoney/utils/MessageConstants" sourcefilename="MessageConstants.java"/><sourcefile name="Utils.java"><line nr="11" mi="3" ci="0" mb="0" cb="0"/><line nr="14" mi="0" ci="4" mb="0" cb="0"/><line nr="15" mi="0" ci="16" mb="0" cb="2"/><line nr="16" mi="0" ci="3" mb="0" cb="2"/><line nr="17" mi="0" ci="5" mb="0" cb="0"/><line nr="19" mi="0" ci="6" mb="0" cb="0"/><line nr="21" mi="0" ci="2" mb="0" cb="0"/><line nr="26" mi="0" ci="4" mb="0" cb="0"/><line nr="27" mi="0" ci="2" mb="0" cb="0"/><line nr="28" mi="0" ci="16" mb="1" cb="1"/><line nr="29" mi="0" ci="4" mb="0" cb="2"/><line nr="30" mi="0" ci="5" mb="0" cb="0"/><line nr="31" mi="0" ci="3" mb="0" cb="2"/><line nr="32" mi="0" ci="5" mb="0" cb="0"/><line nr="34" mi="0" ci="6" mb="0" cb="0"/><line nr="35" mi="0" ci="1" mb="0" cb="0"/><line nr="37" mi="0" ci="2" mb="0" cb="0"/><line nr="41" mi="0" ci="4" mb="0" cb="0"/><line nr="42" mi="0" ci="8" mb="0" cb="2"/><line nr="43" mi="0" ci="14" mb="0" cb="0"/><line nr="45" mi="0" ci="2" mb="0" cb="0"/><line nr="49" mi="0" ci="9" mb="0" cb="4"/><counter type="INSTRUCTION" missed="3" covered="121"/><counter type="BRANCH" missed="1" covered="15"/><counter type="LINE" missed="1" covered="21"/><counter type="COMPLEXITY" missed="2" covered="11"/><counter type="METHOD" missed="1" covered="4"/><counter type="CLASS" missed="0" covered="1"/></sourcefile><sourcefile name="StringUtils.java"><line nr="3" mi="3" ci="0" mb="0" cb="0"/><line nr="7" mi="0" ci="3" mb="0" cb="0"/><line nr="8" mi="0" ci="2" mb="0" cb="0"/><line nr="9" mi="0" ci="1" mb="0" cb="0"/><line nr="10" mi="0" ci="2" mb="0" cb="0"/><line nr="16" mi="0" ci="3" mb="0" cb="0"/><line nr="17" mi="0" ci="2" mb="0" cb="0"/><line nr="18" mi="0" ci="1" mb="0" cb="0"/><line nr="19" mi="0" ci="2" mb="0" cb="0"/><counter type="INSTRUCTION" missed="3" covered="16"/><counter type="LINE" missed="1" covered="8"/><counter type="COMPLEXITY" missed="1" covered="2"/><counter type="METHOD" missed="1" covered="2"/><counter type="CLASS" missed="0" covered="1"/></sourcefile><sourcefile name="MessageConstants.java"/><counter type="INSTRUCTION" missed="6" covered="137"/><counter type="BRANCH" missed="1" covered="15"/><counter type="LINE" missed="2" covered="29"/><counter type="COMPLEXITY" missed="3" covered="13"/><counter type="METHOD" missed="2" covered="6"/><counter type="CLASS" missed="0" covered="2"/></package><package name="com/saikrishna/mymoney/handler"><class name="com/saikrishna/mymoney/handler/MyMoneyCommandHandler" sourcefilename="MyMoneyCommandHandler.java"><method name="&lt;init&gt;" desc="()V" line="28"><counter type="INSTRUCTION" missed="0" covered="17"/><counter type="LINE" missed="0" covered="6"/><counter type="COMPLEXITY" missed="0" covered="1"/><counter type="METHOD" missed="0" covered="1"/></method><method name="allocateFunds" desc="(Ljava/util/List;)V" line="43"><counter type="INSTRUCTION" missed="0" covered="17"/><counter type="BRANCH" missed="0" covered="2"/><counter type="LINE" missed="0" covered="5"/><counter type="COMPLEXITY" missed="0" covered="2"/><counter type="METHOD" missed="0" covered="1"/></method><method name="createPortfolio" desc="()V" line="51"><counter type="INSTRUCTION" missed="0" covered="5"/><counter type="LINE" missed="0" covered="2"/><counter type="COMPLEXITY" missed="0" covered="1"/><counter type="METHOD" missed="0" covered="1"/></method><method name="setSIP" desc="(Ljava/util/List;)V" line="61"><counter type="INSTRUCTION" missed="0" covered="15"/><counter type="BRANCH" missed="0" covered="2"/><counter type="LINE" missed="0" covered="4"/><counter type="COMPLEXITY" missed="0" covered="2"/><counter type="METHOD" missed="0" covered="1"/></method><method name="changePercentageByMonth" desc="(Ljava/util/List;Lcom/saikrishna/mymoney/constants/Month;)V" line="77"><counter type="INSTRUCTION" missed="0" covered="16"/><counter type="BRANCH" missed="0" covered="2"/><counter type="LINE" missed="0" covered="4"/><counter type="COMPLEXITY" missed="0" covered="2"/><counter type="METHOD" missed="0" covered="1"/></method><method name="balance" desc="(Lcom/saikrishna/mymoney/constants/Month;)V" line="89"><counter type="INSTRUCTION" missed="0" covered="20"/><counter type="BRANCH" missed="0" covered="2"/><counter type="LINE" missed="0" covered="5"/><counter type="COMPLEXITY" missed="0" covered="2"/><counter type="METHOD" missed="0" covered="1"/></method><method name="rebalance" desc="()V" line="102"><counter type="INSTRUCTION" missed="0" covered="23"/><counter type="BRANCH" missed="0" covered="2"/><counter type="LINE" missed="0" covered="8"/><counter type="COMPLEXITY" missed="0" covered="2"/><counter type="METHOD" missed="0" covered="1"/></method><method name="getLastTransaction" desc="(Lcom/saikrishna/mymoney/domain/Portfolio;)V" line="118"><counter type="INSTRUCTION" missed="0" covered="14"/><counter type="LINE" missed="0" covered="4"/><counter type="COMPLEXITY" missed="0" covered="1"/><counter type="METHOD" missed="0" covered="1"/></method><method name="printTransaction" desc="(Ljava/util/List;)V" line="128"><counter type="INSTRUCTION" missed="0" covered="37"/><counter type="BRANCH" missed="0" covered="4"/><counter type="LINE" missed="0" covered="8"/><counter type="COMPLEXITY" missed="0" covered="3"/><counter type="METHOD" missed="0" covered="1"/></method><method name="isPortfolioCreated" desc="()Z" line="138"><counter type="INSTRUCTION" missed="0" covered="7"/><counter type="BRANCH" missed="0" covered="2"/><counter type="LINE" missed="0" covered="1"/><counter type="COMPLEXITY" missed="0" covered="2"/><counter type="METHOD" missed="0" covered="1"/></method><method name="resetPortfolio" desc="()V" line="142"><counter type="INSTRUCTION" missed="0" covered="4"/><counter type="LINE" missed="0" covered="2"/><counter type="COMPLEXITY" missed="0" covered="1"/><counter type="METHOD" missed="0" covered="1"/></method><counter type="INSTRUCTION" missed="0" covered="175"/><counter type="BRANCH" missed="0" covered="16"/><counter type="LINE" missed="0" covered="49"/><counter type="COMPLEXITY" missed="0" covered="19"/><counter type="METHOD" missed="0" covered="11"/><counter type="CLASS" missed="0" covered="1"/></class><sourcefile name="MyMoneyCommandHandler.java"><line nr="28" mi="0" ci="2" mb="0" cb="0"/><line nr="29" mi="0" ci="3" mb="0" cb="0"/><line nr="30" mi="0" ci="3" mb="0" cb="0"/><line nr="31" mi="0" ci="5" mb="0" cb="0"/><line nr="32" mi="0" ci="3" mb="0" cb="0"/><line nr="33" mi="0" ci="1" mb="0" cb="0"/><line nr="43" mi="0" ci="3" mb="0" cb="2"/><line nr="44" mi="0" ci="5" mb="0" cb="0"/><line nr="46" mi="0" ci="2" mb="0" cb="0"/><line nr="47" mi="0" ci="6" mb="0" cb="0"/><line nr="48" mi="0" ci="1" mb="0" cb="0"/><line nr="51" mi="0" ci="4" mb="0" cb="0"/><line nr="52" mi="0" ci="1" mb="0" cb="0"/><line nr="61" mi="0" ci="3" mb="0" cb="2"/><line nr="62" mi="0" ci="5" mb="0" cb="0"/><line nr="64" mi="0" ci="6" mb="0" cb="0"/><line nr="65" mi="0" ci="1" mb="0" cb="0"/><line nr="77" mi="0" ci="3" mb="0" cb="2"/><line nr="78" mi="0" ci="5" mb="0" cb="0"/><line nr="80" mi="0" ci="7" mb="0" cb="0"/><line nr="81" mi="0" ci="1" mb="0" cb="0"/><line nr="89" mi="0" ci="3" mb="0" cb="2"/><line nr="90" mi="0" ci="5" mb="0" cb="0"/><line nr="92" mi="0" ci="7" mb="0" cb="0"/><line nr="93" mi="0" ci="4" mb="0" cb="0"/><line nr="94" mi="0" ci="1" mb="0" cb="0"/><line nr="102" mi="0" ci="3" mb="0" cb="2"/><line nr="103" mi="0" ci="5" mb="0" cb="0"/><line nr="106" mi="0" ci="5" mb="0" cb="0"/><line nr="107" mi="0" ci="4" mb="0" cb="0"/><line nr="108" mi="0" ci="1" mb="0" cb="0"/><line nr="109" mi="0" ci="3" mb="0" cb="0"/><line nr="110" mi="0" ci="1" mb="0" cb="0"/><line nr="111" mi="0" ci="1" mb="0" cb="0"/><line nr="118" mi="0" ci="3" mb="0" cb="0"/><line nr="119" mi="0" ci="7" mb="0" cb="0"/><line nr="120" mi="0" ci="3" mb="0" cb="0"/><line nr="121" mi="0" ci="1" mb="0" cb="0"/><line nr="128" mi="0" ci="2" mb="0" cb="0"/><line nr="129" mi="0" ci="4" mb="0" cb="0"/><line nr="130" mi="0" ci="10" mb="0" cb="2"/><line nr="131" mi="0" ci="14" mb="0" cb="2"/><line nr="132" mi="0" ci="1" mb="0" cb="0"/><line nr="133" mi="0" ci="1" mb="0" cb="0"/><line nr="134" mi="0" ci="4" mb="0" cb="0"/><line nr="135" mi="0" ci="1" mb="0" cb="0"/><line nr="138" mi="0" ci="7" mb="0" cb="2"/><line nr="142" mi="0" ci="3" mb="0" cb="0"/><line nr="143" mi="0" ci="1" mb="0" cb="0"/><counter type="INSTRUCTION" missed="0" covered="175"/><counter type="BRANCH" missed="0" covered="16"/><counter type="LINE" missed="0" covered="49"/><counter type="COMPLEXITY" missed="0" covered="19"/><counter type="METHOD" missed="0" covered="11"/><counter type="CLASS" missed="0" covered="1"/></sourcefile><counter type="INSTRUCTION" missed="0" covered="175"/><counter type="BRANCH" missed="0" covered="16"/><counter type="LINE" missed="0" covered="49"/><counter type="COMPLEXITY" missed="0" covered="19"/><counter type="METHOD" missed="0" covered="11"/><counter type="CLASS" missed="0" covered="1"/></package><package name="com/saikrishna/mymoney/client"><class name="com/saikrishna/mymoney/client/Client" sourcefilename="Client.java"><method name="&lt;init&gt;" desc="(Ljava/io/BufferedReader;Lcom/saikrishna/mymoney/interaction/CommandFactory;)V" line="18"><counter type="INSTRUCTION" missed="0" covered="9"/><counter type="LINE" missed="0" covered="4"/><counter type="COMPLEXITY" missed="0" covered="1"/><counter type="METHOD" missed="0" covered="1"/></method><method name="handleInput" desc="()V" line="25"><counter type="INSTRUCTION" missed="0" covered="24"/><counter type="BRANCH" missed="0" covered="4"/><counter type="LINE" missed="0" covered="7"/><counter type="COMPLEXITY" missed="0" covered="3"/><counter type="METHOD" missed="0" covered="1"/></method><method name="processInputLine" desc="(Ljava/lang/String;)V" line="44"><counter type="INSTRUCTION" missed="6" covered="54"/><counter type="LINE" missed="1" covered="11"/><counter type="COMPLEXITY" missed="0" covered="1"/><counter type="METHOD" missed="0" covered="1"/></method><counter type="INSTRUCTION" missed="6" covered="87"/><counter type="BRANCH" missed="0" covered="4"/><counter type="LINE" missed="1" covered="22"/><counter type="COMPLEXITY" missed="0" covered="5"/><counter type="METHOD" missed="0" covered="3"/><counter type="CLASS" missed="0" covered="1"/></class><class name="com/saikrishna/mymoney/client/ClientFactory" sourcefilename="ClientFactory.java"><method name="&lt;init&gt;" desc="()V" line="11"><counter type="INSTRUCTION" missed="3" covered="0"/><counter type="LINE" missed="1" covered="0"/><counter type="COMPLEXITY" missed="1" covered="0"/><counter type="METHOD" missed="1" covered="0"/></method><method name="buildClient" desc="([Ljava/lang/String;Lcom/saikrishna/mymoney/interaction/CommandFactory;)Lcom/saikrishna/mymoney/client/Client;" line="23"><counter type="INSTRUCTION" missed="0" covered="29"/><counter type="BRANCH" missed="0" covered="2"/><counter type="LINE" missed="0" covered="3"/><counter type="COMPLEXITY" missed="0" covered="2"/><counter type="METHOD" missed="0" covered="1"/></method><counter type="INSTRUCTION" missed="3" covered="29"/><counter type="BRANCH" missed="0" covered="2"/><counter type="LINE" missed="1" covered="3"/><counter type="COMPLEXITY" missed="1" covered="2"/><counter type="METHOD" missed="1" covered="1"/><counter type="CLASS" missed="0" covered="1"/></class><class name="com/saikrishna/mymoney/client/FileClient" sourcefilename="FileClient.java"><method name="&lt;init&gt;" desc="(Ljava/io/BufferedReader;Lcom/saikrishna/mymoney/interaction/CommandFactory;)V" line="10"><counter type="INSTRUCTION" missed="0" covered="5"/><counter type="LINE" missed="0" covered="2"/><counter type="COMPLEXITY" missed="0" covered="1"/><counter type="METHOD" missed="0" covered="1"/></method><counter type="INSTRUCTION" missed="0" covered="5"/><counter type="LINE" missed="0" covered="2"/><counter type="COMPLEXITY" missed="0" covered="1"/><counter type="METHOD" missed="0" covered="1"/><counter type="CLASS" missed="0" covered="1"/></class><class name="com/saikrishna/mymoney/client/CLIClient" sourcefilename="CLIClient.java"><method name="&lt;init&gt;" desc="(Ljava/io/BufferedReader;Lcom/saikrishna/mymoney/interaction/CommandFactory;)V" line="10"><counter type="INSTRUCTION" missed="0" covered="5"/><counter type="LINE" missed="0" covered="2"/><counter type="COMPLEXITY" missed="0" covered="1"/><counter type="METHOD" missed="0" covered="1"/></method><counter type="INSTRUCTION" missed="0" covered="5"/><counter type="LINE" missed="0" covered="2"/><counter type="COMPLEXITY" missed="0" covered="1"/><counter type="METHOD" missed="0" covered="1"/><counter type="CLASS" missed="0" covered="1"/></class><sourcefile name="Client.java"><line nr="18" mi="0" ci="2" mb="0" cb="0"/><line nr="19" mi="0" ci="3" mb="0" cb="0"/><line nr="20" mi="0" ci="3" mb="0" cb="0"/><line nr="21" mi="0" ci="1" mb="0" cb="0"/><line nr="25" mi="0" ci="2" mb="0" cb="0"/><line nr="26" mi="0" ci="6" mb="0" cb="2"/><line nr="27" mi="0" ci="3" mb="0" cb="0"/><line nr="28" mi="0" ci="5" mb="0" cb="2"/><line nr="29" mi="0" ci="4" mb="0" cb="0"/><line nr="32" mi="0" ci="3" mb="0" cb="0"/><line nr="34" mi="0" ci="1" mb="0" cb="0"/><line nr="44" mi="0" ci="4" mb="0" cb="0"/><line nr="45" mi="0" ci="4" mb="0" cb="0"/><line nr="46" mi="0" ci="7" mb="0" cb="0"/><line nr="48" mi="5" ci="0" mb="0" cb="0"/><line nr="49" mi="0" ci="1" mb="0" cb="0"/><line nr="50" mi="0" ci="11" mb="0" cb="0"/><line nr="51" mi="0" ci="1" mb="0" cb="0"/><line nr="52" mi="0" ci="11" mb="0" cb="0"/><line nr="53" mi="0" ci="1" mb="0" cb="0"/><line nr="54" mi="0" ci="11" mb="0" cb="0"/><line nr="55" mi="1" ci="2" mb="0" cb="0"/><line nr="56" mi="0" ci="1" mb="0" cb="0"/><counter type="INSTRUCTION" missed="6" covered="87"/><counter type="BRANCH" missed="0" covered="4"/><counter type="LINE" missed="1" covered="22"/><counter type="COMPLEXITY" missed="0" covered="5"/><counter type="METHOD" missed="0" covered="3"/><counter type="CLASS" missed="0" covered="1"/></sourcefile><sourcefile name="CLIClient.java"><line nr="10" mi="0" ci="4" mb="0" cb="0"/><line nr="11" mi="0" ci="1" mb="0" cb="0"/><counter type="INSTRUCTION" missed="0" covered="5"/><counter type="LINE" missed="0" covered="2"/><counter type="COMPLEXITY" missed="0" covered="1"/><counter type="METHOD" missed="0" covered="1"/><counter type="CLASS" missed="0" covered="1"/></sourcefile><sourcefile name="ClientFactory.java"><line nr="11" mi="3" ci="0" mb="0" cb="0"/><line nr="23" mi="0" ci="3" mb="0" cb="2"/><line nr="24" mi="0" ci="12" mb="0" cb="0"/><line nr="26" mi="0" ci="14" mb="0" cb="0"/><counter type="INSTRUCTION" missed="3" covered="29"/><counter type="BRANCH" missed="0" covered="2"/><counter type="LINE" missed="1" covered="3"/><counter type="COMPLEXITY" missed="1" covered="2"/><counter type="METHOD" missed="1" covered="1"/><counter type="CLASS" missed="0" covered="1"/></sourcefile><sourcefile name="FileClient.java"><line nr="10" mi="0" ci="4" mb="0" cb="0"/><line nr="11" mi="0" ci="1" mb="0" cb="0"/><counter type="INSTRUCTION" missed="0" covered="5"/><counter type="LINE" missed="0" covered="2"/><counter type="COMPLEXITY" missed="0" covered="1"/><counter type="METHOD" missed="0" covered="1"/><counter type="CLASS" missed="0" covered="1"/></sourcefile><counter type="INSTRUCTION" missed="9" covered="126"/><counter type="BRANCH" missed="0" covered="6"/><counter type="LINE" missed="2" covered="29"/><counter type="COMPLEXITY" missed="1" covered="9"/><counter type="METHOD" missed="1" covered="6"/><counter type="CLASS" missed="0" covered="4"/></package><package name="com/saikrishna/mymoney/interaction"><class name="com/saikrishna/mymoney/interaction/CommandFactory" sourcefilename="CommandFactory.java"><method name="&lt;init&gt;" desc="()V" line="23"><counter type="INSTRUCTION" missed="0" covered="8"/><counter type="LINE" missed="0" covered="3"/><counter type="COMPLEXITY" missed="0" covered="1"/><counter type="METHOD" missed="0" covered="1"/></method><method name="init" desc="(Lcom/saikrishna/mymoney/handler/MyMoneyCommandHandler;)Lcom/saikrishna/mymoney/interaction/CommandFactory;" line="35"><counter type="INSTRUCTION" missed="0" covered="41"/><counter type="LINE" missed="0" covered="7"/><counter type="COMPLEXITY" missed="0" covered="1"/><counter type="METHOD" missed="0" covered="1"/></method><method name="addCommand" desc="(Lcom/saikrishna/mymoney/interaction/commands/Command;Lcom/saikrishna/mymoney/interaction/commands/CommandHandler;)V" line="45"><counter type="INSTRUCTION" missed="0" covered="7"/><counter type="LINE" missed="0" covered="2"/><counter type="COMPLEXITY" missed="0" covered="1"/><counter type="METHOD" missed="0" covered="1"/></method><method name="executeCommand" desc="(Ljava/lang/String;[Ljava/lang/String;)V" line="51"><counter type="INSTRUCTION" missed="9" covered="15"/><counter type="BRANCH" missed="1" covered="3"/><counter type="LINE" missed="2" covered="3"/><counter type="COMPLEXITY" missed="1" covered="2"/><counter type="METHOD" missed="0" covered="1"/></method><method name="getCommands" desc="()Ljava/util/Map;" line="60"><counter type="INSTRUCTION" missed="0" covered="3"/><counter type="LINE" missed="0" covered="1"/><counter type="COMPLEXITY" missed="0" covered="1"/><counter type="METHOD" missed="0" covered="1"/></method><counter type="INSTRUCTION" missed="9" covered="74"/><counter type="BRANCH" missed="1" covered="3"/><counter type="LINE" missed="2" covered="16"/><counter type="COMPLEXITY" missed="1" covered="6"/><counter type="METHOD" missed="0" covered="5"/><counter type="CLASS" missed="0" covered="1"/></class><sourcefile name="CommandFactory.java"><line nr="23" mi="0" ci="2" mb="0" cb="0"/><line nr="24" mi="0" ci="5" mb="0" cb="0"/><line nr="25" mi="0" ci="1" mb="0" cb="0"/><line nr="35" mi="0" ci="4" mb="0" cb="0"/><line nr="36" mi="0" ci="7" mb="0" cb="0"/><line nr="37" mi="0" ci="7" mb="0" cb="0"/><line nr="38" mi="0" ci="7" mb="0" cb="0"/><line nr="39" mi="0" ci="7" mb="0" cb="0"/><line nr="40" mi="0" ci="7" mb="0" cb="0"/><line nr="41" mi="0" ci="2" mb="0" cb="0"/><line nr="45" mi="0" ci="6" mb="0" cb="0"/><line nr="46" mi="0" ci="1" mb="0" cb="0"/><line nr="51" mi="0" ci="3" mb="0" cb="0"/><line nr="52" mi="0" ci="7" mb="1" cb="3"/><line nr="53" mi="8" ci="0" mb="0" cb="0"/><line nr="55" mi="0" ci="5" mb="0" cb="0"/><line nr="57" mi="1" ci="0" mb="0" cb="0"/><line nr="60" mi="0" ci="3" mb="0" cb="0"/><counter type="INSTRUCTION" missed="9" covered="74"/><counter type="BRANCH" missed="1" covered="3"/><counter type="LINE" missed="2" covered="16"/><counter type="COMPLEXITY" missed="1" covered="6"/><counter type="METHOD" missed="0" covered="5"/><counter type="CLASS" missed="0" covered="1"/></sourcefile><counter type="INSTRUCTION" missed="9" covered="74"/><counter type="BRANCH" missed="1" covered="3"/><counter type="LINE" missed="2" covered="16"/><counter type="COMPLEXITY" missed="1" covered="6"/><counter type="METHOD" missed="0" covered="5"/><counter type="CLASS" missed="0" covered="1"/></package><package name="com/saikrishna/mymoney"><class name="com/saikrishna/mymoney/MyMoneyApplication" sourcefilename="MyMoneyApplication.java"><method name="&lt;init&gt;" desc="()V" line="11"><counter type="INSTRUCTION" missed="3" covered="0"/><counter type="LINE" missed="1" covered="0"/><counter type="COMPLEXITY" missed="1" covered="0"/><counter type="METHOD" missed="1" covered="0"/></method><method name="main" desc="([Ljava/lang/String;)V" line="13"><counter type="INSTRUCTION" missed="24" covered="0"/><counter type="LINE" missed="10" covered="0"/><counter type="COMPLEXITY" missed="1" covered="0"/><counter type="METHOD" missed="1" covered="0"/></method><counter type="INSTRUCTION" missed="27" covered="0"/><counter type="LINE" missed="11" covered="0"/><counter type="COMPLEXITY" missed="2" covered="0"/><counter type="METHOD" missed="2" covered="0"/><counter type="CLASS" missed="1" covered="0"/></class><sourcefile name="MyMoneyApplication.java"><line nr="11" mi="3" ci="0" mb="0" cb="0"/><line nr="13" mi="4" ci="0" mb="0" cb="0"/><line nr="14" mi="3" ci="0" mb="0" cb="0"/><line nr="16" mi="4" ci="0" mb="0" cb="0"/><line nr="17" mi="2" ci="0" mb="0" cb="0"/><line nr="18" mi="1" ci="0" mb="0" cb="0"/><line nr="19" mi="3" ci="0" mb="0" cb="0"/><line nr="20" mi="1" ci="0" mb="0" cb="0"/><line nr="21" mi="3" ci="0" mb="0" cb="0"/><line nr="22" mi="2" ci="0" mb="0" cb="0"/><line nr="23" mi="1" ci="0" mb="0" cb="0"/><counter type="INSTRUCTION" missed="27" covered="0"/><counter type="LINE" missed="11" covered="0"/><counter type="COMPLEXITY" missed="2" covered="0"/><counter type="METHOD" missed="2" covered="0"/><counter type="CLASS" missed="1" covered="0"/></sourcefile><counter type="INSTRUCTION" missed="27" covered="0"/><counter type="LINE" missed="11" covered="0"/><counter type="COMPLEXITY" missed="2" covered="0"/><counter type="METHOD" missed="2" covered="0"/><counter type="CLASS" missed="1" covered="0"/></package><package name="com/saikrishna/mymoney/service"><class name="com/saikrishna/mymoney/service/InitialInvestmentService" sourcefilename="InitialInvestmentService.java"><method name="&lt;init&gt;" desc="()V" line="11"><counter type="INSTRUCTION" missed="0" covered="3"/><counter type="LINE" missed="0" covered="1"/><counter type="COMPLEXITY" missed="0" covered="1"/><counter type="METHOD" missed="0" covered="1"/></method><method name="getInstance" desc="()Lcom/saikrishna/mymoney/service/InitialInvestmentService;" line="16"><counter type="INSTRUCTION" missed="0" covered="17"/><counter type="BRANCH" missed="1" covered="3"/><counter type="LINE" missed="0" covered="6"/><counter type="COMPLEXITY" missed="1" covered="2"/><counter type="METHOD" missed="0" covered="1"/></method><method name="processInitialTransaction" desc="(Lcom/saikrishna/mymoney/domain/Portfolio;Ljava/util/List;)V" line="28"><counter type="INSTRUCTION" missed="0" covered="12"/><counter type="LINE" missed="0" covered="3"/><counter type="COMPLEXITY" missed="0" covered="1"/><counter type="METHOD" missed="0" covered="1"/></method><counter type="INSTRUCTION" missed="0" covered="32"/><counter type="BRANCH" missed="1" covered="3"/><counter type="LINE" missed="0" covered="10"/><counter type="COMPLEXITY" missed="1" covered="4"/><counter type="METHOD" missed="0" covered="3"/><counter type="CLASS" missed="0" covered="1"/></class><class name="com/saikrishna/mymoney/service/SystematicInvestmentService" sourcefilename="SystematicInvestmentService.java"><method name="&lt;init&gt;" desc="()V" line="16"><counter type="INSTRUCTION" missed="0" covered="3"/><counter type="LINE" missed="0" covered="1"/><counter type="COMPLEXITY" missed="0" covered="1"/><counter type="METHOD" missed="0" covered="1"/></method><method name="getInstance" desc="()Lcom/saikrishna/mymoney/service/SystematicInvestmentService;" line="21"><counter type="INSTRUCTION" missed="0" covered="17"/><counter type="BRANCH" missed="1" covered="3"/><counter type="LINE" missed="0" covered="6"/><counter type="COMPLEXITY" missed="1" covered="2"/><counter type="METHOD" missed="0" covered="1"/></method><method name="setSIPTransaction" desc="(Lcom/saikrishna/mymoney/domain/Portfolio;Ljava/util/List;)V" line="33"><counter type="INSTRUCTION" missed="0" covered="7"/><counter type="LINE" missed="0" covered="2"/><counter type="COMPLEXITY" missed="0" covered="1"/><counter type="METHOD" missed="0" covered="1"/></method><method name="processSIPTransaction" desc="(Lcom/saikrishna/mymoney/domain/Portfolio;Lcom/saikrishna/mymoney/constants/Month;)V" line="38"><counter type="INSTRUCTION" missed="0" covered="31"/><counter type="LINE" missed="0" covered="7"/><counter type="COMPLEXITY" missed="0" covered="1"/><counter type="METHOD" missed="0" covered="1"/></method><method name="getLastTransaction" desc="(Lcom/saikrishna/mymoney/domain/Portfolio;Lcom/saikrishna/mymoney/constants/Month;)Ljava/util/List;" line="47"><counter type="INSTRUCTION" missed="0" covered="18"/><counter type="BRANCH" missed="0" covered="2"/><counter type="LINE" missed="0" covered="5"/><counter type="COMPLEXITY" missed="0" covered="2"/><counter type="METHOD" missed="0" covered="1"/></method><method name="validateTransaction" desc="(Lcom/saikrishna/mymoney/domain/Portfolio;Lcom/saikrishna/mymoney/constants/Month;)V" line="57"><counter type="INSTRUCTION" missed="0" covered="10"/><counter type="BRANCH" missed="0" covered="2"/><counter type="LINE" missed="0" covered="3"/><counter type="COMPLEXITY" missed="0" covered="2"/><counter type="METHOD" missed="0" covered="1"/></method><method name="lambda$processSIPTransaction$0" desc="(Ljava/util/List;Ljava/util/List;I)Ljava/lang/Integer;" line="42"><counter type="INSTRUCTION" missed="0" covered="13"/><counter type="LINE" missed="0" covered="1"/><counter type="COMPLEXITY" missed="0" covered="1"/><counter type="METHOD" missed="0" covered="1"/></method><counter type="INSTRUCTION" missed="0" covered="99"/><counter type="BRANCH" missed="1" covered="7"/><counter type="LINE" missed="0" covered="24"/><counter type="COMPLEXITY" missed="1" covered="10"/><counter type="METHOD" missed="0" covered="7"/><counter type="CLASS" missed="0" covered="1"/></class><class name="com/saikrishna/mymoney/service/ChangeInvestmentService" sourcefilename="ChangeInvestmentService.java"><method name="&lt;init&gt;" desc="(Lcom/saikrishna/mymoney/service/SystematicInvestmentService;)V" line="17"><counter type="INSTRUCTION" missed="0" covered="6"/><counter type="LINE" missed="0" covered="3"/><counter type="COMPLEXITY" missed="0" covered="1"/><counter type="METHOD" missed="0" covered="1"/></method><method name="getInstance" desc="(Lcom/saikrishna/mymoney/service/SystematicInvestmentService;)Lcom/saikrishna/mymoney/service/ChangeInvestmentService;" line="23"><counter type="INSTRUCTION" missed="0" covered="18"/><counter type="BRANCH" missed="1" covered="3"/><counter type="LINE" missed="0" covered="6"/><counter type="COMPLEXITY" missed="1" covered="2"/><counter type="METHOD" missed="0" covered="1"/></method><method name="processMonthlyChangeTransaction" desc="(Lcom/saikrishna/mymoney/domain/Portfolio;Ljava/util/List;Lcom/saikrishna/mymoney/constants/Month;)V" line="36"><counter type="INSTRUCTION" missed="0" covered="45"/><counter type="BRANCH" missed="0" covered="2"/><counter type="LINE" missed="0" covered="10"/><counter type="COMPLEXITY" missed="0" covered="2"/><counter type="METHOD" missed="0" covered="1"/></method><method name="checkIfNotFirstPayment" desc="(Lcom/saikrishna/mymoney/domain/Portfolio;Lcom/saikrishna/mymoney/constants/Month;)Z" line="49"><counter type="INSTRUCTION" missed="0" covered="17"/><counter type="BRANCH" missed="0" covered="4"/><counter type="LINE" missed="0" covered="3"/><counter type="COMPLEXITY" missed="0" covered="3"/><counter type="METHOD" missed="0" covered="1"/></method><method name="lambda$processMonthlyChangeTransaction$1" desc="(Ljava/util/List;Ljava/util/List;I)Ljava/lang/Integer;" line="43"><counter type="INSTRUCTION" missed="0" covered="17"/><counter type="LINE" missed="0" covered="1"/><counter type="COMPLEXITY" missed="0" covered="1"/><counter type="METHOD" missed="0" covered="1"/></method><method name="lambda$processMonthlyChangeTransaction$0" desc="(Ljava/lang/Double;)Ljava/lang/Double;" line="39"><counter type="INSTRUCTION" missed="0" covered="6"/><counter type="LINE" missed="0" covered="1"/><counter type="COMPLEXITY" missed="0" covered="1"/><counter type="METHOD" missed="0" covered="1"/></method><counter type="INSTRUCTION" missed="0" covered="109"/><counter type="BRANCH" missed="1" covered="9"/><counter type="LINE" missed="0" covered="22"/><counter type="COMPLEXITY" missed="1" covered="10"/><counter type="METHOD" missed="0" covered="6"/><counter type="CLASS" missed="0" covered="1"/></class><class name="com/saikrishna/mymoney/service/InvestmentBalanceService" sourcefilename="InvestmentBalanceService.java"><method name="&lt;init&gt;" desc="()V" line="15"><counter type="INSTRUCTION" missed="0" covered="3"/><counter type="LINE" missed="0" covered="1"/><counter type="COMPLEXITY" missed="0" covered="1"/><counter type="METHOD" missed="0" covered="1"/></method><method name="getInstance" desc="()Lcom/saikrishna/mymoney/service/InvestmentBalanceService;" line="20"><counter type="INSTRUCTION" missed="0" covered="17"/><counter type="BRANCH" missed="1" covered="3"/><counter type="LINE" missed="0" covered="6"/><counter type="COMPLEXITY" missed="1" covered="2"/><counter type="METHOD" missed="0" covered="1"/></method><method name="getBalanceByMonth" desc="(Lcom/saikrishna/mymoney/domain/Portfolio;Lcom/saikrishna/mymoney/constants/Month;)Lcom/saikrishna/mymoney/domain/Investment;" line="31"><counter type="INSTRUCTION" missed="0" covered="10"/><counter type="LINE" missed="0" covered="2"/><counter type="COMPLEXITY" missed="0" covered="1"/><counter type="METHOD" missed="0" covered="1"/></method><method name="rebalance" desc="(Lcom/saikrishna/mymoney/domain/Portfolio;)V" line="37"><counter type="INSTRUCTION" missed="0" covered="47"/><counter type="BRANCH" missed="0" covered="2"/><counter type="LINE" missed="0" covered="12"/><counter type="COMPLEXITY" missed="0" covered="2"/><counter type="METHOD" missed="0" covered="1"/></method><method name="validateRebalanceOnTransactions" desc="(Lcom/saikrishna/mymoney/domain/Portfolio;)Z" line="52"><counter type="INSTRUCTION" missed="0" covered="12"/><counter type="BRANCH" missed="1" covered="3"/><counter type="LINE" missed="0" covered="2"/><counter type="COMPLEXITY" missed="1" covered="2"/><counter type="METHOD" missed="0" covered="1"/></method><method name="lambda$rebalance$0" desc="(ILjava/lang/Double;)Ljava/lang/Integer;" line="45"><counter type="INSTRUCTION" missed="0" covered="9"/><counter type="LINE" missed="0" covered="1"/><counter type="COMPLEXITY" missed="0" covered="1"/><counter type="METHOD" missed="0" covered="1"/></method><counter type="INSTRUCTION" missed="0" covered="98"/><counter type="BRANCH" missed="2" covered="8"/><counter type="LINE" missed="0" covered="23"/><counter type="COMPLEXITY" missed="2" covered="9"/><counter type="METHOD" missed="0" covered="6"/><counter type="CLASS" missed="0" covered="1"/></class><class name="com/saikrishna/mymoney/service/BaseInvestmentService" sourcefilename="BaseInvestmentService.java"><method name="&lt;init&gt;" desc="()V" line="11"><counter type="INSTRUCTION" missed="0" covered="3"/><counter type="LINE" missed="0" covered="1"/><counter type="COMPLEXITY" missed="0" covered="1"/><counter type="METHOD" missed="0" covered="1"/></method><method name="processTransaction" desc="(Lcom/saikrishna/mymoney/domain/Portfolio;Lcom/saikrishna/mymoney/constants/Month;Ljava/util/List;)V" line="14"><counter type="INSTRUCTION" missed="0" covered="33"/><counter type="LINE" missed="0" covered="8"/><counter type="COMPLEXITY" missed="0" covered="1"/><counter type="METHOD" missed="0" covered="1"/></method><counter type="INSTRUCTION" missed="0" covered="36"/><counter type="LINE" missed="0" covered="9"/><counter type="COMPLEXITY" missed="0" covered="2"/><counter type="METHOD" missed="0" covered="2"/><counter type="CLASS" missed="0" covered="1"/></class><sourcefile name="InvestmentBalanceService.java"><line nr="15" mi="0" ci="3" mb="0" cb="0"/><line nr="20" mi="0" ci="2" mb="0" cb="2"/><line nr="21" mi="0" ci="4" mb="0" cb="0"/><line nr="22" mi="0" ci="2" mb="1" cb="1"/><line nr="23" mi="0" ci="4" mb="0" cb="0"/><line nr="25" mi="0" ci="3" mb="0" cb="0"/><line nr="27" mi="0" ci="2" mb="0" cb="0"/><line nr="31" mi="0" ci="8" mb="0" cb="0"/><line nr="32" mi="0" ci="2" mb="0" cb="0"/><line nr="37" mi="0" ci="4" mb="0" cb="2"/><line nr="38" mi="0" ci="5" mb="0" cb="0"/><line nr="40" mi="0" ci="1" mb="0" cb="0"/><line nr="41" mi="0" ci="3" mb="0" cb="0"/><line nr="42" mi="0" ci="7" mb="0" cb="0"/><line nr="43" mi="0" ci="6" mb="0" cb="0"/><line nr="44" mi="0" ci="2" mb="0" cb="0"/><line nr="45" mi="0" ci="17" mb="0" cb="0"/><line nr="46" mi="0" ci="1" mb="0" cb="0"/><line nr="47" mi="0" ci="4" mb="0" cb="0"/><line nr="48" mi="0" ci="5" mb="0" cb="0"/><line nr="49" mi="0" ci="1" mb="0" cb="0"/><line nr="52" mi="0" ci="6" mb="0" cb="2"/><line nr="53" mi="0" ci="6" mb="1" cb="1"/><counter type="INSTRUCTION" missed="0" covered="98"/><counter type="BRANCH" missed="2" covered="8"/><counter type="LINE" missed="0" covered="23"/><counter type="COMPLEXITY" missed="2" covered="9"/><counter type="METHOD" missed="0" covered="6"/><counter type="CLASS" missed="0" covered="1"/></sourcefile><sourcefile name="SystematicInvestmentService.java"><line nr="16" mi="0" ci="3" mb="0" cb="0"/><line nr="21" mi="0" ci="2" mb="0" cb="2"/><line nr="22" mi="0" ci="4" mb="0" cb="0"/><line nr="23" mi="0" ci="2" mb="1" cb="1"/><line nr="24" mi="0" ci="4" mb="0" cb="0"/><line nr="26" mi="0" ci="3" mb="0" cb="0"/><line nr="28" mi="0" ci="2" mb="0" cb="0"/><line nr="33" mi="0" ci="6" mb="0" cb="0"/><line nr="34" mi="0" ci="1" mb="0" cb="0"/><line nr="38" mi="0" ci="4" mb="0" cb="0"/><line nr="39" mi="0" ci="4" mb="0" cb="0"/><line nr="40" mi="0" ci="5" mb="0" cb="0"/><line nr="41" mi="0" ci="7" mb="0" cb="0"/><line nr="42" mi="0" ci="18" mb="0" cb="0"/><line nr="43" mi="0" ci="5" mb="0" cb="0"/><line nr="44" mi="0" ci="1" mb="0" cb="0"/><line nr="47" mi="0" ci="3" mb="0" cb="0"/><line nr="48" mi="0" ci="4" mb="0" cb="0"/><line nr="49" mi="0" ci="2" mb="0" cb="2"/><line nr="50" mi="0" ci="4" mb="0" cb="0"/><line nr="52" mi="0" ci="5" mb="0" cb="0"/><line nr="57" mi="0" ci="4" mb="0" cb="2"/><line nr="58" mi="0" ci="5" mb="0" cb="0"/><line nr="60" mi="0" ci="1" mb="0" cb="0"/><counter type="INSTRUCTION" missed="0" covered="99"/><counter type="BRANCH" missed="1" covered="7"/><counter type="LINE" missed="0" covered="24"/><counter type="COMPLEXITY" missed="1" covered="10"/><counter type="METHOD" missed="0" covered="7"/><counter type="CLASS" missed="0" covered="1"/></sourcefile><sourcefile name="InitialInvestmentService.java"><line nr="11" mi="0" ci="3" mb="0" cb="0"/><line nr="16" mi="0" ci="2" mb="0" cb="2"/><line nr="17" mi="0" ci="4" mb="0" cb="0"/><line nr="18" mi="0" ci="2" mb="1" cb="1"/><line nr="19" mi="0" ci="4" mb="0" cb="0"/><line nr="21" mi="0" ci="3" mb="0" cb="0"/><line nr="23" mi="0" ci="2" mb="0" cb="0"/><line nr="28" mi="0" ci="5" mb="0" cb="0"/><line nr="29" mi="0" ci="6" mb="0" cb="0"/><line nr="30" mi="0" ci="1" mb="0" cb="0"/><counter type="INSTRUCTION" missed="0" covered="32"/><counter type="BRANCH" missed="1" covered="3"/><counter type="LINE" missed="0" covered="10"/><counter type="COMPLEXITY" missed="1" covered="4"/><counter type="METHOD" missed="0" covered="3"/><counter type="CLASS" missed="0" covered="1"/></sourcefile><sourcefile name="BaseInvestmentService.java"><line nr="11" mi="0" ci="3" mb="0" cb="0"/><line nr="14" mi="0" ci="4" mb="0" cb="0"/><line nr="15" mi="0" ci="6" mb="0" cb="0"/><line nr="16" mi="0" ci="3" mb="0" cb="0"/><line nr="17" mi="0" ci="7" mb="0" cb="0"/><line nr="18" mi="0" ci="6" mb="0" cb="0"/><line nr="19" mi="0" ci="3" mb="0" cb="0"/><line nr="20" mi="0" ci="3" mb="0" cb="0"/><line nr="21" mi="0" ci="1" mb="0" cb="0"/><counter type="INSTRUCTION" missed="0" covered="36"/><counter type="LINE" missed="0" covered="9"/><counter type="COMPLEXITY" missed="0" covered="2"/><counter type="METHOD" missed="0" covered="2"/><counter type="CLASS" missed="0" covered="1"/></sourcefile><sourcefile name="ChangeInvestmentService.java"><line nr="17" mi="0" ci="2" mb="0" cb="0"/><line nr="18" mi="0" ci="3" mb="0" cb="0"/><line nr="19" mi="0" ci="1" mb="0" cb="0"/><line nr="23" mi="0" ci="2" mb="0" cb="2"/><line nr="24" mi="0" ci="4" mb="0" cb="0"/><line nr="25" mi="0" ci="2" mb="1" cb="1"/><line nr="26" mi="0" ci="5" mb="0" cb="0"/><line nr="28" mi="0" ci="3" mb="0" cb="0"/><line nr="30" mi="0" ci="2" mb="0" cb="0"/><line nr="36" mi="0" ci="5" mb="0" cb="2"/><line nr="37" mi="0" ci="5" mb="0" cb="0"/><line nr="39" mi="0" ci="14" mb="0" cb="0"/><line nr="40" mi="0" ci="7" mb="0" cb="0"/><line nr="41" mi="0" ci="2" mb="0" cb="0"/><line nr="42" mi="0" ci="7" mb="0" cb="0"/><line nr="43" mi="0" ci="18" mb="0" cb="0"/><line nr="44" mi="0" ci="4" mb="0" cb="0"/><line nr="45" mi="0" ci="5" mb="0" cb="0"/><line nr="46" mi="0" ci="1" mb="0" cb="0"/><line nr="49" mi="0" ci="7" mb="0" cb="2"/><line nr="50" mi="0" ci="2" mb="0" cb="0"/><line nr="51" mi="0" ci="8" mb="0" cb="2"/><counter type="INSTRUCTION" missed="0" covered="109"/><counter type="BRANCH" missed="1" covered="9"/><counter type="LINE" missed="0" covered="22"/><counter type="COMPLEXITY" missed="1" covered="10"/><counter type="METHOD" missed="0" covered="6"/><counter type="CLASS" missed="0" covered="1"/></sourcefile><counter type="INSTRUCTION" missed="0" covered="374"/><counter type="BRANCH" missed="5" covered="27"/><counter type="LINE" missed="0" covered="88"/><counter type="COMPLEXITY" missed="5" covered="35"/><counter type="METHOD" missed="0" covered="24"/><counter type="CLASS" missed="0" covered="5"/></package><package name="com/saikrishna/mymoney/domain"><class name="com/saikrishna/mymoney/domain/InitialInvestment" sourcefilename="InitialInvestment.java"><method name="&lt;init&gt;" desc="(Ljava/util/List;)V" line="13"><counter type="INSTRUCTION" missed="0" covered="32"/><counter type="BRANCH" missed="0" covered="2"/><counter type="LINE" missed="0" covered="6"/><counter type="COMPLEXITY" missed="0" covered="2"/><counter type="METHOD" missed="0" covered="1"/></method><method name="getInitialAllocationPercent" desc="()Ljava/util/List;" line="13"><counter type="INSTRUCTION" missed="0" covered="3"/><counter type="LINE" missed="0" covered="1"/><counter type="COMPLEXITY" missed="0" covered="1"/><counter type="METHOD" missed="0" covered="1"/></method><counter type="INSTRUCTION" missed="0" covered="35"/><counter type="BRANCH" missed="0" covered="2"/><counter type="LINE" missed="0" covered="6"/><counter type="COMPLEXITY" missed="0" covered="3"/><counter type="METHOD" missed="0" covered="2"/><counter type="CLASS" missed="0" covered="1"/></class><class name="com/saikrishna/mymoney/domain/Portfolio" sourcefilename="Portfolio.java"><method name="$default$lastTransactionMonth" desc="()Lcom/saikrishna/mymoney/constants/Month;" line="14"><counter type="INSTRUCTION" missed="0" covered="2"/><counter type="LINE" missed="0" covered="1"/><counter type="COMPLEXITY" missed="0" covered="1"/><counter type="METHOD" missed="0" covered="1"/></method><method name="$default$portfolioTransactionMonths" desc="()Ljava/util/TreeMap;" line="14"><counter type="INSTRUCTION" missed="0" covered="4"/><counter type="LINE" missed="0" covered="1"/><counter type="COMPLEXITY" missed="0" covered="1"/><counter type="METHOD" missed="0" covered="1"/></method><method name="&lt;init&gt;" desc="(Lcom/saikrishna/mymoney/domain/InitialInvestment;Lcom/saikrishna/mymoney/domain/SystematicInvestment;Lcom/saikrishna/mymoney/constants/Month;Ljava/util/TreeMap;)V" line="14"><counter type="INSTRUCTION" missed="0" covered="15"/><counter type="LINE" missed="0" covered="1"/><counter type="COMPLEXITY" missed="0" covered="1"/><counter type="METHOD" missed="0" covered="1"/></method><method name="builder" desc="()Lcom/saikrishna/mymoney/domain/Portfolio$PortfolioBuilder;" line="14"><counter type="INSTRUCTION" missed="0" covered="4"/><counter type="LINE" missed="0" covered="1"/><counter type="COMPLEXITY" missed="0" covered="1"/><counter type="METHOD" missed="0" covered="1"/></method><method name="setInitialInvestment" desc="(Lcom/saikrishna/mymoney/domain/InitialInvestment;)V" line="12"><counter type="INSTRUCTION" missed="0" covered="4"/><counter type="LINE" missed="0" covered="1"/><counter type="COMPLEXITY" missed="0" covered="1"/><counter type="METHOD" missed="0" covered="1"/></method><method name="setSystematicInvestment" desc="(Lcom/saikrishna/mymoney/domain/SystematicInvestment;)V" line="12"><counter type="INSTRUCTION" missed="0" covered="4"/><counter type="LINE" missed="0" covered="1"/><counter type="COMPLEXITY" missed="0" covered="1"/><counter type="METHOD" missed="0" covered="1"/></method><method name="setLastTransactionMonth" desc="(Lcom/saikrishna/mymoney/constants/Month;)V" line="12"><counter type="INSTRUCTION" missed="0" covered="4"/><counter type="LINE" missed="0" covered="1"/><counter type="COMPLEXITY" missed="0" covered="1"/><counter type="METHOD" missed="0" covered="1"/></method><method name="setPortfolioTransactionMonths" desc="(Ljava/util/TreeMap;)V" line="12"><counter type="INSTRUCTION" missed="4" covered="0"/><counter type="LINE" missed="1" covered="0"/><counter type="COMPLEXITY" missed="1" covered="0"/><counter type="METHOD" missed="1" covered="0"/></method><method name="getInitialInvestment" desc="()Lcom/saikrishna/mymoney/domain/InitialInvestment;" line="16"><counter type="INSTRUCTION" missed="0" covered="3"/><counter type="LINE" missed="0" covered="1"/><counter type="COMPLEXITY" missed="0" covered="1"/><counter type="METHOD" missed="0" covered="1"/></method><method name="getSystematicInvestment" desc="()Lcom/saikrishna/mymoney/domain/SystematicInvestment;" line="17"><counter type="INSTRUCTION" missed="0" covered="3"/><counter type="LINE" missed="0" covered="1"/><counter type="COMPLEXITY" missed="0" covered="1"/><counter type="METHOD" missed="0" covered="1"/></method><method name="getLastTransactionMonth" desc="()Lcom/saikrishna/mymoney/constants/Month;" line="19"><counter type="INSTRUCTION" missed="0" covered="3"/><counter type="LINE" missed="0" covered="1"/><counter type="COMPLEXITY" missed="0" covered="1"/><counter type="METHOD" missed="0" covered="1"/></method><method name="getPortfolioTransactionMonths" desc="()Ljava/util/TreeMap;" line="21"><counter type="INSTRUCTION" missed="0" covered="3"/><counter type="LINE" missed="0" covered="1"/><counter type="COMPLEXITY" missed="0" covered="1"/><counter type="METHOD" missed="0" covered="1"/></method><counter type="INSTRUCTION" missed="4" covered="49"/><counter type="LINE" missed="0" covered="6"/><counter type="COMPLEXITY" missed="1" covered="11"/><counter type="METHOD" missed="1" covered="11"/><counter type="CLASS" missed="0" covered="1"/></class><class name="com/saikrishna/mymoney/domain/Investment" sourcefilename="Investment.java"><method name="&lt;init&gt;" desc="(Ljava/util/List;)V" line="25"><counter type="INSTRUCTION" missed="0" covered="22"/><counter type="BRANCH" missed="0" covered="2"/><counter type="LINE" missed="0" covered="6"/><counter type="COMPLEXITY" missed="0" covered="2"/><counter type="METHOD" missed="0" covered="1"/></method><method name="getFundsValue" desc="()Ljava/util/LinkedList;" line="34"><counter type="INSTRUCTION" missed="0" covered="12"/><counter type="LINE" missed="0" covered="2"/><counter type="COMPLEXITY" missed="0" covered="1"/><counter type="METHOD" missed="0" covered="1"/></method><method name="builder" desc="()Lcom/saikrishna/mymoney/domain/Investment$InvestmentBuilder;" line="18"><counter type="INSTRUCTION" missed="0" covered="4"/><counter type="LINE" missed="0" covered="1"/><counter type="COMPLEXITY" missed="0" covered="1"/><counter type="METHOD" missed="0" covered="1"/></method><method name="getAssetFund" desc="()Ljava/util/List;" line="22"><counter type="INSTRUCTION" missed="0" covered="3"/><counter type="LINE" missed="0" covered="1"/><counter type="COMPLEXITY" missed="0" covered="1"/><counter type="METHOD" missed="0" covered="1"/></method><method name="getTotalFundsAmount" desc="()I" line="23"><counter type="INSTRUCTION" missed="0" covered="3"/><counter type="LINE" missed="0" covered="1"/><counter type="COMPLEXITY" missed="0" covered="1"/><counter type="METHOD" missed="0" covered="1"/></method><method name="&lt;init&gt;" desc="(Ljava/util/List;I)V" line="19"><counter type="INSTRUCTION" missed="0" covered="9"/><counter type="LINE" missed="0" covered="1"/><counter type="COMPLEXITY" missed="0" covered="1"/><counter type="METHOD" missed="0" covered="1"/></method><method name="&lt;init&gt;" desc="()V" line="20"><counter type="INSTRUCTION" missed="0" covered="3"/><counter type="LINE" missed="0" covered="1"/><counter type="COMPLEXITY" missed="0" covered="1"/><counter type="METHOD" missed="0" covered="1"/></method><counter type="INSTRUCTION" missed="0" covered="56"/><counter type="BRANCH" missed="0" covered="2"/><counter type="LINE" missed="0" covered="13"/><counter type="COMPLEXITY" missed="0" covered="8"/><counter type="METHOD" missed="0" covered="7"/><counter type="CLASS" missed="0" covered="1"/></class><class name="com/saikrishna/mymoney/domain/Fund" sourcefilename="Fund.java"><method name="builder" desc="()Lcom/saikrishna/mymoney/domain/Fund$FundBuilder;" line="9"><counter type="INSTRUCTION" missed="0" covered="4"/><counter type="LINE" missed="0" covered="1"/><counter type="COMPLEXITY" missed="0" covered="1"/><counter type="METHOD" missed="0" covered="1"/></method><method name="&lt;init&gt;" desc="(Ljava/lang/Integer;Lcom/saikrishna/mymoney/constants/AssetType;)V" line="10"><counter type="INSTRUCTION" missed="0" covered="9"/><counter type="LINE" missed="0" covered="1"/><counter type="COMPLEXITY" missed="0" covered="1"/><counter type="METHOD" missed="0" covered="1"/></method><method name="getAssertAmount" desc="()Ljava/lang/Integer;" line="13"><counter type="INSTRUCTION" missed="0" covered="3"/><counter type="LINE" missed="0" covered="1"/><counter type="COMPLEXITY" missed="0" covered="1"/><counter type="METHOD" missed="0" covered="1"/></method><method name="getAssetType" desc="()Lcom/saikrishna/mymoney/constants/AssetType;" line="14"><counter type="INSTRUCTION" missed="0" covered="3"/><counter type="LINE" missed="0" covered="1"/><counter type="COMPLEXITY" missed="0" covered="1"/><counter type="METHOD" missed="0" covered="1"/></method><counter type="INSTRUCTION" missed="0" covered="19"/><counter type="LINE" missed="0" covered="4"/><counter type="COMPLEXITY" missed="0" covered="4"/><counter type="METHOD" missed="0" covered="4"/><counter type="CLASS" missed="0" covered="1"/></class><class name="com/saikrishna/mymoney/domain/Portfolio$PortfolioBuilder" sourcefilename="Portfolio.java"><method name="&lt;init&gt;" desc="()V" line="14"><counter type="INSTRUCTION" missed="0" covered="3"/><counter type="LINE" missed="0" covered="1"/><counter type="COMPLEXITY" missed="0" covered="1"/><counter type="METHOD" missed="0" covered="1"/></method><method name="initialInvestment" desc="(Lcom/saikrishna/mymoney/domain/InitialInvestment;)Lcom/saikrishna/mymoney/domain/Portfolio$PortfolioBuilder;" line="14"><counter type="INSTRUCTION" missed="5" covered="0"/><counter type="LINE" missed="1" covered="0"/><counter type="COMPLEXITY" missed="1" covered="0"/><counter type="METHOD" missed="1" covered="0"/></method><method name="systematicInvestment" desc="(Lcom/saikrishna/mymoney/domain/SystematicInvestment;)Lcom/saikrishna/mymoney/domain/Portfolio$PortfolioBuilder;" line="14"><counter type="INSTRUCTION" missed="5" covered="0"/><counter type="LINE" missed="1" covered="0"/><counter type="COMPLEXITY" missed="1" covered="0"/><counter type="METHOD" missed="1" covered="0"/></method><method name="lastTransactionMonth" desc="(Lcom/saikrishna/mymoney/constants/Month;)Lcom/saikrishna/mymoney/domain/Portfolio$PortfolioBuilder;" line="14"><counter type="INSTRUCTION" missed="8" covered="0"/><counter type="LINE" missed="1" covered="0"/><counter type="COMPLEXITY" missed="1" covered="0"/><counter type="METHOD" missed="1" covered="0"/></method><method name="portfolioTransactionMonths" desc="(Ljava/util/TreeMap;)Lcom/saikrishna/mymoney/domain/Portfolio$PortfolioBuilder;" line="14"><counter type="INSTRUCTION" missed="8" covered="0"/><counter type="LINE" missed="1" covered="0"/><counter type="COMPLEXITY" missed="1" covered="0"/><counter type="METHOD" missed="1" covered="0"/></method><method name="build" desc="()Lcom/saikrishna/mymoney/domain/Portfolio;" line="14"><counter type="INSTRUCTION" missed="0" covered="26"/><counter type="BRANCH" missed="2" covered="2"/><counter type="LINE" missed="0" covered="1"/><counter type="COMPLEXITY" missed="2" covered="1"/><counter type="METHOD" missed="0" covered="1"/></method><method name="toString" desc="()Ljava/lang/String;" line="14"><counter type="INSTRUCTION" missed="27" covered="0"/><counter type="LINE" missed="1" covered="0"/><counter type="COMPLEXITY" missed="1" covered="0"/><counter type="METHOD" missed="1" covered="0"/></method><counter type="INSTRUCTION" missed="53" covered="29"/><counter type="BRANCH" missed="2" covered="2"/><counter type="LINE" missed="0" covered="1"/><counter type="COMPLEXITY" missed="7" covered="2"/><counter type="METHOD" missed="5" covered="2"/><counter type="CLASS" missed="0" covered="1"/></class><class name="com/saikrishna/mymoney/domain/SystematicInvestment" sourcefilename="SystematicInvestment.java"><method name="&lt;init&gt;" desc="(Ljava/util/List;)V" line="13"><counter type="INSTRUCTION" missed="0" covered="4"/><counter type="LINE" missed="0" covered="2"/><counter type="COMPLEXITY" missed="0" covered="1"/><counter type="METHOD" missed="0" covered="1"/></method><counter type="INSTRUCTION" missed="0" covered="4"/><counter type="LINE" missed="0" covered="2"/><counter type="COMPLEXITY" missed="0" covered="1"/><counter type="METHOD" missed="0" covered="1"/><counter type="CLASS" missed="0" covered="1"/></class><class name="com/saikrishna/mymoney/domain/Fund$FundBuilder" sourcefilename="Fund.java"><method name="&lt;init&gt;" desc="()V" line="9"><counter type="INSTRUCTION" missed="0" covered="3"/><counter type="LINE" missed="0" covered="1"/><counter type="COMPLEXITY" missed="0" covered="1"/><counter type="METHOD" missed="0" covered="1"/></method><method name="assertAmount" desc="(Ljava/lang/Integer;)Lcom/saikrishna/mymoney/domain/Fund$FundBuilder;" line="9"><counter type="INSTRUCTION" missed="0" covered="5"/><counter type="LINE" missed="0" covered="1"/><counter type="COMPLEXITY" missed="0" covered="1"/><counter type="METHOD" missed="0" covered="1"/></method><method name="assetType" desc="(Lcom/saikrishna/mymoney/constants/AssetType;)Lcom/saikrishna/mymoney/domain/Fund$FundBuilder;" line="9"><counter type="INSTRUCTION" missed="0" covered="5"/><counter type="LINE" missed="0" covered="1"/><counter type="COMPLEXITY" missed="0" covered="1"/><counter type="METHOD" missed="0" covered="1"/></method><method name="build" desc="()Lcom/saikrishna/mymoney/domain/Fund;" line="9"><counter type="INSTRUCTION" missed="0" covered="8"/><counter type="LINE" missed="0" covered="1"/><counter type="COMPLEXITY" missed="0" covered="1"/><counter type="METHOD" missed="0" covered="1"/></method><method name="toString" desc="()Ljava/lang/String;" line="9"><counter type="INSTRUCTION" missed="17" covered="0"/><counter type="LINE" missed="1" covered="0"/><counter type="COMPLEXITY" missed="1" covered="0"/><counter type="METHOD" missed="1" covered="0"/></method><counter type="INSTRUCTION" missed="17" covered="21"/><counter type="LINE" missed="0" covered="1"/><counter type="COMPLEXITY" missed="1" covered="4"/><counter type="METHOD" missed="1" covered="4"/><counter type="CLASS" missed="0" covered="1"/></class><class name="com/saikrishna/mymoney/domain/Investment$InvestmentBuilder" sourcefilename="Investment.java"><method name="&lt;init&gt;" desc="()V" line="18"><counter type="INSTRUCTION" missed="0" covered="3"/><counter type="LINE" missed="0" covered="1"/><counter type="COMPLEXITY" missed="0" covered="1"/><counter type="METHOD" missed="0" covered="1"/></method><method name="assetFund" desc="(Ljava/util/List;)Lcom/saikrishna/mymoney/domain/Investment$InvestmentBuilder;" line="18"><counter type="INSTRUCTION" missed="0" covered="5"/><counter type="LINE" missed="0" covered="1"/><counter type="COMPLEXITY" missed="0" covered="1"/><counter type="METHOD" missed="0" covered="1"/></method><method name="totalFundsAmount" desc="(I)Lcom/saikrishna/mymoney/domain/Investment$InvestmentBuilder;" line="18"><counter type="INSTRUCTION" missed="0" covered="5"/><counter type="LINE" missed="0" covered="1"/><counter type="COMPLEXITY" missed="0" covered="1"/><counter type="METHOD" missed="0" covered="1"/></method><method name="build" desc="()Lcom/saikrishna/mymoney/domain/Investment;" line="18"><counter type="INSTRUCTION" missed="0" covered="8"/><counter type="LINE" missed="0" covered="1"/><counter type="COMPLEXITY" missed="0" covered="1"/><counter type="METHOD" missed="0" covered="1"/></method><method name="toString" desc="()Ljava/lang/String;" line="18"><counter type="INSTRUCTION" missed="17" covered="0"/><counter type="LINE" missed="1" covered="0"/><counter type="COMPLEXITY" missed="1" covered="0"/><counter type="METHOD" missed="1" covered="0"/></method><counter type="INSTRUCTION" missed="17" covered="21"/><counter type="LINE" missed="0" covered="1"/><counter type="COMPLEXITY" missed="1" covered="4"/><counter type="METHOD" missed="1" covered="4"/><counter type="CLASS" missed="0" covered="1"/></class><sourcefile name="Fund.java"><line nr="9" mi="17" ci="25" mb="0" cb="0"/><line nr="10" mi="0" ci="9" mb="0" cb="0"/><line nr="13" mi="0" ci="3" mb="0" cb="0"/><line nr="14" mi="0" ci="3" mb="0" cb="0"/><counter type="INSTRUCTION" missed="17" covered="40"/><counter type="LINE" missed="0" covered="4"/><counter type="COMPLEXITY" missed="1" covered="8"/><counter type="METHOD" missed="1" covered="8"/><counter type="CLASS" missed="0" covered="2"/></sourcefile><sourcefile name="InitialInvestment.java"><line nr="13" mi="0" ci="8" mb="0" cb="0"/><line nr="16" mi="0" ci="3" mb="0" cb="0"/><line nr="17" mi="0" ci="10" mb="0" cb="2"/><line nr="18" mi="0" ci="12" mb="0" cb="0"/><line nr="19" mi="0" ci="1" mb="0" cb="0"/><line nr="20" mi="0" ci="1" mb="0" cb="0"/><counter type="INSTRUCTION" missed="0" covered="35"/><counter type="BRANCH" missed="0" covered="2"/><counter type="LINE" missed="0" covered="6"/><counter type="COMPLEXITY" missed="0" covered="3"/><counter type="METHOD" missed="0" covered="2"/><counter type="CLASS" missed="0" covered="1"/></sourcefile><sourcefile name="Investment.java"><line nr="18" mi="17" ci="25" mb="0" cb="0"/><line nr="19" mi="0" ci="9" mb="0" cb="0"/><line nr="20" mi="0" ci="3" mb="0" cb="0"/><line nr="22" mi="0" ci="3" mb="0" cb="0"/><line nr="23" mi="0" ci="3" mb="0" cb="0"/><line nr="25" mi="0" ci="2" mb="0" cb="0"/><line nr="26" mi="0" ci="3" mb="0" cb="2"/><line nr="27" mi="0" ci="5" mb="0" cb="0"/><line nr="29" mi="0" ci="7" mb="0" cb="0"/><line nr="30" mi="0" ci="4" mb="0" cb="0"/><line nr="31" mi="0" ci="1" mb="0" cb="0"/><line nr="34" mi="0" ci="5" mb="0" cb="0"/><line nr="35" mi="0" ci="7" mb="0" cb="0"/><counter type="INSTRUCTION" missed="17" covered="77"/><counter type="BRANCH" missed="0" covered="2"/><counter type="LINE" missed="0" covered="13"/><counter type="COMPLEXITY" missed="1" covered="12"/><counter type="METHOD" missed="1" covered="11"/><counter type="CLASS" missed="0" covered="2"/></sourcefile><sourcefile name="Portfolio.java"><line nr="12" mi="4" ci="12" mb="0" cb="0"/><line nr="14" mi="53" ci="54" mb="2" cb="2"/><line nr="16" mi="0" ci="3" mb="0" cb="0"/><line nr="17" mi="0" ci="3" mb="0" cb="0"/><line nr="19" mi="0" ci="3" mb="0" cb="0"/><line nr="21" mi="0" ci="3" mb="0" cb="0"/><counter type="INSTRUCTION" missed="57" covered="78"/><counter type="BRANCH" missed="2" covered="2"/><counter type="LINE" missed="0" covered="6"/><counter type="COMPLEXITY" missed="8" covered="13"/><counter type="METHOD" missed="6" covered="13"/><counter type="CLASS" missed="0" covered="2"/></sourcefile><sourcefile name="SystematicInvestment.java"><line nr="13" mi="0" ci="3" mb="0" cb="0"/><line nr="14" mi="0" ci="1" mb="0" cb="0"/><counter type="INSTRUCTION" missed="0" covered="4"/><counter type="LINE" missed="0" covered="2"/><counter type="COMPLEXITY" missed="0" covered="1"/><counter type="METHOD" missed="0" covered="1"/><counter type="CLASS" missed="0" covered="1"/></sourcefile><counter type="INSTRUCTION" missed="91" covered="234"/><counter type="BRANCH" missed="2" covered="6"/><counter type="LINE" missed="0" covered="31"/><counter type="COMPLEXITY" missed="10" covered="37"/><counter type="METHOD" missed="8" covered="35"/><counter type="CLASS" missed="0" covered="8"/></package><package name="com/saikrishna/mymoney/exception"><class name="com/saikrishna/mymoney/exception/InvalidParameterException" sourcefilename="InvalidParameterException.java"><method name="&lt;init&gt;" desc="(Ljava/lang/String;)V" line="5"><counter type="INSTRUCTION" missed="0" covered="4"/><counter type="LINE" missed="0" covered="2"/><counter type="COMPLEXITY" missed="0" covered="1"/><counter type="METHOD" missed="0" covered="1"/></method><counter type="INSTRUCTION" missed="0" covered="4"/><counter type="LINE" missed="0" covered="2"/><counter type="COMPLEXITY" missed="0" covered="1"/><counter type="METHOD" missed="0" covered="1"/><counter type="CLASS" missed="0" covered="1"/></class><class name="com/saikrishna/mymoney/exception/InvalidTransactionException" sourcefilename="InvalidTransactionException.java"><method name="&lt;init&gt;" desc="(Ljava/lang/String;)V" line="5"><counter type="INSTRUCTION" missed="0" covered="4"/><counter type="LINE" missed="0" covered="2"/><counter type="COMPLEXITY" missed="0" covered="1"/><counter type="METHOD" missed="0" covered="1"/></method><counter type="INSTRUCTION" missed="0" covered="4"/><counter type="LINE" missed="0" covered="2"/><counter type="COMPLEXITY" missed="0" covered="1"/><counter type="METHOD" missed="0" covered="1"/><counter type="CLASS" missed="0" covered="1"/></class><class name="com/saikrishna/mymoney/exception/MyMoneyException" sourcefilename="MyMoneyException.java"><method name="&lt;init&gt;" desc="(Ljava/lang/String;)V" line="5"><counter type="INSTRUCTION" missed="0" covered="4"/><counter type="LINE" missed="0" covered="2"/><counter type="COMPLEXITY" missed="0" covered="1"/><counter type="METHOD" missed="0" covered="1"/></method><counter type="INSTRUCTION" missed="0" covered="4"/><counter type="LINE" missed="0" covered="2"/><counter type="COMPLEXITY" missed="0" covered="1"/><counter type="METHOD" missed="0" covered="1"/><counter type="CLASS" missed="0" covered="1"/></class><class name="com/saikrishna/mymoney/exception/CommandNotFoundException" sourcefilename="CommandNotFoundException.java"><method name="&lt;init&gt;" desc="(Ljava/lang/String;)V" line="5"><counter type="INSTRUCTION" missed="0" covered="4"/><counter type="LINE" missed="0" covered="2"/><counter type="COMPLEXITY" missed="0" covered="1"/><counter type="METHOD" missed="0" covered="1"/></method><counter type="INSTRUCTION" missed="0" covered="4"/><counter type="LINE" missed="0" covered="2"/><counter type="COMPLEXITY" missed="0" covered="1"/><counter type="METHOD" missed="0" covered="1"/><counter type="CLASS" missed="0" covered="1"/></class><class name="com/saikrishna/mymoney/exception/RebalanceOutboundException" sourcefilename="RebalanceOutboundException.java"><method name="&lt;init&gt;" desc="(Ljava/lang/String;)V" line="4"><counter type="INSTRUCTION" missed="0" covered="4"/><counter type="LINE" missed="0" covered="1"/><counter type="COMPLEXITY" missed="0" covered="1"/><counter type="METHOD" missed="0" covered="1"/></method><counter type="INSTRUCTION" missed="0" covered="4"/><counter type="LINE" missed="0" covered="1"/><counter type="COMPLEXITY" missed="0" covered="1"/><counter type="METHOD" missed="0" covered="1"/><counter type="CLASS" missed="0" covered="1"/></class><sourcefile name="RebalanceOutboundException.java"><line nr="4" mi="0" ci="4" mb="0" cb="0"/><counter type="INSTRUCTION" missed="0" covered="4"/><counter type="LINE" missed="0" covered="1"/><counter type="COMPLEXITY" missed="0" covered="1"/><counter type="METHOD" missed="0" covered="1"/><counter type="CLASS" missed="0" covered="1"/></sourcefile><sourcefile name="InvalidTransactionException.java"><line nr="5" mi="0" ci="3" mb="0" cb="0"/><line nr="6" mi="0" ci="1" mb="0" cb="0"/><counter type="INSTRUCTION" missed="0" covered="4"/><counter type="LINE" missed="0" covered="2"/><counter type="COMPLEXITY" missed="0" covered="1"/><counter type="METHOD" missed="0" covered="1"/><counter type="CLASS" missed="0" covered="1"/></sourcefile><sourcefile name="CommandNotFoundException.java"><line nr="5" mi="0" ci="3" mb="0" cb="0"/><line nr="6" mi="0" ci="1" mb="0" cb="0"/><counter type="INSTRUCTION" missed="0" covered="4"/><counter type="LINE" missed="0" covered="2"/><counter type="COMPLEXITY" missed="0" covered="1"/><counter type="METHOD" missed="0" covered="1"/><counter type="CLASS" missed="0" covered="1"/></sourcefile><sourcefile name="MyMoneyException.java"><line nr="5" mi="0" ci="3" mb="0" cb="0"/><line nr="6" mi="0" ci="1" mb="0" cb="0"/><counter type="INSTRUCTION" missed="0" covered="4"/><counter type="LINE" missed="0" covered="2"/><counter type="COMPLEXITY" missed="0" covered="1"/><counter type="METHOD" missed="0" covered="1"/><counter type="CLASS" missed="0" covered="1"/></sourcefile><sourcefile name="InvalidParameterException.java"><line nr="5" mi="0" ci="3" mb="0" cb="0"/><line nr="6" mi="0" ci="1" mb="0" cb="0"/><counter type="INSTRUCTION" missed="0" covered="4"/><counter type="LINE" missed="0" covered="2"/><counter type="COMPLEXITY" missed="0" covered="1"/><counter type="METHOD" missed="0" covered="1"/><counter type="CLASS" missed="0" covered="1"/></sourcefile><counter type="INSTRUCTION" missed="0" covered="20"/><counter type="LINE" missed="0" covered="9"/><counter type="COMPLEXITY" missed="0" covered="5"/><counter type="METHOD" missed="0" covered="5"/><counter type="CLASS" missed="0" covered="5"/></package><package name="com/saikrishna/mymoney/interaction/commands"><class name="com/saikrishna/mymoney/interaction/commands/SIPCommand" sourcefilename="SIPCommand.java"><method name="&lt;init&gt;" desc="(Lcom/saikrishna/mymoney/handler/MyMoneyCommandHandler;)V" line="13"><counter type="INSTRUCTION" missed="0" covered="6"/><counter type="LINE" missed="0" covered="3"/><counter type="COMPLEXITY" missed="0" covered="1"/><counter type="METHOD" missed="0" covered="1"/></method><method name="execute" desc="([Ljava/lang/String;)V" line="19"><counter type="INSTRUCTION" missed="0" covered="17"/><counter type="BRANCH" missed="0" covered="2"/><counter type="LINE" missed="0" covered="5"/><counter type="COMPLEXITY" missed="0" covered="2"/><counter type="METHOD" missed="0" covered="1"/></method><counter type="INSTRUCTION" missed="0" covered="23"/><counter type="BRANCH" missed="0" covered="2"/><counter type="LINE" missed="0" covered="8"/><counter type="COMPLEXITY" missed="0" covered="3"/><counter type="METHOD" missed="0" covered="2"/><counter type="CLASS" missed="0" covered="1"/></class><class name="com/saikrishna/mymoney/interaction/commands/BalanceCommand" sourcefilename="BalanceCommand.java"><method name="&lt;init&gt;" desc="(Lcom/saikrishna/mymoney/handler/MyMoneyCommandHandler;)V" line="11"><counter type="INSTRUCTION" missed="0" covered="6"/><counter type="LINE" missed="0" covered="3"/><counter type="COMPLEXITY" missed="0" covered="1"/><counter type="METHOD" missed="0" covered="1"/></method><method name="execute" desc="([Ljava/lang/String;)V" line="17"><counter type="INSTRUCTION" missed="0" covered="26"/><counter type="BRANCH" missed="0" covered="4"/><counter type="LINE" missed="0" covered="7"/><counter type="COMPLEXITY" missed="0" covered="3"/><counter type="METHOD" missed="0" covered="1"/></method><counter type="INSTRUCTION" missed="0" covered="32"/><counter type="BRANCH" missed="0" covered="4"/><counter type="LINE" missed="0" covered="10"/><counter type="COMPLEXITY" missed="0" covered="4"/><counter type="METHOD" missed="0" covered="2"/><counter type="CLASS" missed="0" covered="1"/></class><class name="com/saikrishna/mymoney/interaction/commands/CommandHandler" sourcefilename="CommandHandler.java"/><class name="com/saikrishna/mymoney/interaction/commands/AllocateCommand" sourcefilename="AllocateCommand.java"><method name="&lt;init&gt;" desc="(Lcom/saikrishna/mymoney/handler/MyMoneyCommandHandler;)V" line="14"><counter type="INSTRUCTION" missed="0" covered="6"/><counter type="LINE" missed="0" covered="3"/><counter type="COMPLEXITY" missed="0" covered="1"/><counter type="METHOD" missed="0" covered="1"/></method><method name="execute" desc="([Ljava/lang/String;)V" line="20"><counter type="INSTRUCTION" missed="0" covered="17"/><counter type="BRANCH" missed="0" covered="2"/><counter type="LINE" missed="0" covered="5"/><counter type="COMPLEXITY" missed="0" covered="2"/><counter type="METHOD" missed="0" covered="1"/></method><counter type="INSTRUCTION" missed="0" covered="23"/><counter type="BRANCH" missed="0" covered="2"/><counter type="LINE" missed="0" covered="8"/><counter type="COMPLEXITY" missed="0" covered="3"/><counter type="METHOD" missed="0" covered="2"/><counter type="CLASS" missed="0" covered="1"/></class><class name="com/saikrishna/mymoney/interaction/commands/ChangeCommand" sourcefilename="ChangeCommand.java"><method name="&lt;init&gt;" desc="(Lcom/saikrishna/mymoney/handler/MyMoneyCommandHandler;)V" line="15"><counter type="INSTRUCTION" missed="0" covered="6"/><counter type="LINE" missed="0" covered="3"/><counter type="COMPLEXITY" missed="0" covered="1"/><counter type="METHOD" missed="0" covered="1"/></method><method name="execute" desc="([Ljava/lang/String;)V" line="22"><counter type="INSTRUCTION" missed="0" covered="31"/><counter type="BRANCH" missed="0" covered="4"/><counter type="LINE" missed="0" covered="8"/><counter type="COMPLEXITY" missed="0" covered="3"/><counter type="METHOD" missed="0" covered="1"/></method><counter type="INSTRUCTION" missed="0" covered="37"/><counter type="BRANCH" missed="0" covered="4"/><counter type="LINE" missed="0" covered="11"/><counter type="COMPLEXITY" missed="0" covered="4"/><counter type="METHOD" missed="0" covered="2"/><counter type="CLASS" missed="0" covered="1"/></class><class name="com/saikrishna/mymoney/interaction/commands/Command" sourcefilename="Command.java"><method name="getValue" desc="(Ljava/lang/String;)Lcom/saikrishna/mymoney/interaction/commands/Command;" line="12"><counter type="INSTRUCTION" missed="0" covered="6"/><counter type="LINE" missed="0" covered="3"/><counter type="COMPLEXITY" missed="0" covered="1"/><counter type="METHOD" missed="0" covered="1"/></method><method name="&lt;clinit&gt;" desc="()V" line="3"><counter type="INSTRUCTION" missed="0" covered="33"/><counter type="LINE" missed="0" covered="6"/><counter type="COMPLEXITY" missed="0" covered="1"/><counter type="METHOD" missed="0" covered="1"/></method><counter type="INSTRUCTION" missed="0" covered="39"/><counter type="LINE" missed="0" covered="9"/><counter type="COMPLEXITY" missed="0" covered="2"/><counter type="METHOD" missed="0" covered="2"/><counter type="CLASS" missed="0" covered="1"/></class><class name="com/saikrishna/mymoney/interaction/commands/RebalanceCommand" sourcefilename="RebalanceCommand.java"><method name="&lt;init&gt;" desc="(Lcom/saikrishna/mymoney/handler/MyMoneyCommandHandler;)V" line="10"><counter type="INSTRUCTION" missed="0" covered="6"/><counter type="LINE" missed="0" covered="3"/><counter type="COMPLEXITY" missed="0" covered="1"/><counter type="METHOD" missed="0" covered="1"/></method><method name="execute" desc="([Ljava/lang/String;)V" line="16"><counter type="INSTRUCTION" missed="0" covered="4"/><counter type="LINE" missed="0" covered="2"/><counter type="COMPLEXITY" missed="0" covered="1"/><counter type="METHOD" missed="0" covered="1"/></method><counter type="INSTRUCTION" missed="0" covered="10"/><counter type="LINE" missed="0" covered="5"/><counter type="COMPLEXITY" missed="0" covered="2"/><counter type="METHOD" missed="0" covered="2"/><counter type="CLASS" missed="0" covered="1"/></class><sourcefile name="CommandHandler.java"/><sourcefile name="BalanceCommand.java"><line nr="11" mi="0" ci="2" mb="0" cb="0"/><line nr="12" mi="0" ci="3" mb="0" cb="0"/><line nr="13" mi="0" ci="1" mb="0" cb="0"/><line nr="17" mi="0" ci="4" mb="0" cb="2"/><line nr="18" mi="0" ci="5" mb="0" cb="0"/><line nr="20" mi="0" ci="5" mb="0" cb="0"/><line nr="21" mi="0" ci="2" mb="0" cb="2"/><line nr="22" mi="0" ci="5" mb="0" cb="0"/><line nr="24" mi="0" ci="4" mb="0" cb="0"/><line nr="25" mi="0" ci="1" mb="0" cb="0"/><counter type="INSTRUCTION" missed="0" covered="32"/><counter type="BRANCH" missed="0" covered="4"/><counter type="LINE" missed="0" covered="10"/><counter type="COMPLEXITY" missed="0" covered="4"/><counter type="METHOD" missed="0" covered="2"/><counter type="CLASS" missed="0" covered="1"/></sourcefile><sourcefile name="AllocateCommand.java"><line nr="14" mi="0" ci="2" mb="0" cb="0"/><line nr="15" mi="0" ci="3" mb="0" cb="0"/><line nr="16" mi="0" ci="1" mb="0" cb="0"/><line nr="20" mi="0" ci="4" mb="0" cb="2"/><line nr="21" mi="0" ci="5" mb="0" cb="0"/><line nr="23" mi="0" ci="3" mb="0" cb="0"/><line nr="24" mi="0" ci="4" mb="0" cb="0"/><line nr="25" mi="0" ci="1" mb="0" cb="0"/><counter type="INSTRUCTION" missed="0" covered="23"/><counter type="BRANCH" missed="0" covered="2"/><counter type="LINE" missed="0" covered="8"/><counter type="COMPLEXITY" missed="0" covered="3"/><counter type="METHOD" missed="0" covered="2"/><counter type="CLASS" missed="0" covered="1"/></sourcefile><sourcefile name="Command.java"><line nr="3" mi="0" ci="3" mb="0" cb="0"/><line nr="4" mi="0" ci="6" mb="0" cb="0"/><line nr="5" mi="0" ci="6" mb="0" cb="0"/><line nr="6" mi="0" ci="6" mb="0" cb="0"/><line nr="7" mi="0" ci="6" mb="0" cb="0"/><line nr="8" mi="0" ci="6" mb="0" cb="0"/><line nr="12" mi="0" ci="3" mb="0" cb="0"/><line nr="13" mi="0" ci="1" mb="0" cb="0"/><line nr="14" mi="0" ci="2" mb="0" cb="0"/><counter type="INSTRUCTION" missed="0" covered="39"/><counter type="LINE" missed="0" covered="9"/><counter type="COMPLEXITY" missed="0" covered="2"/><counter type="METHOD" missed="0" covered="2"/><counter type="CLASS" missed="0" covered="1"/></sourcefile><sourcefile name="SIPCommand.java"><line nr="13" mi="0" ci="2" mb="0" cb="0"/><line nr="14" mi="0" ci="3" mb="0" cb="0"/><line nr="15" mi="0" ci="1" mb="0" cb="0"/><line nr="19" mi="0" ci="4" mb="0" cb="2"/><line nr="20" mi="0" ci="5" mb="0" cb="0"/><line nr="22" mi="0" ci="3" mb="0" cb="0"/><line nr="23" mi="0" ci="4" mb="0" cb="0"/><line nr="24" mi="0" ci="1" mb="0" cb="0"/><counter type="INSTRUCTION" missed="0" covered="23"/><counter type="BRANCH" missed="0" covered="2"/><counter type="LINE" missed="0" covered="8"/><counter type="COMPLEXITY" missed="0" covered="3"/><counter type="METHOD" missed="0" covered="2"/><counter type="CLASS" missed="0" covered="1"/></sourcefile><sourcefile name="ChangeCommand.java"><line nr="15" mi="0" ci="2" mb="0" cb="0"/><line nr="16" mi="0" ci="3" mb="0" cb="0"/><line nr="17" mi="0" ci="1" mb="0" cb="0"/><line nr="22" mi="0" ci="4" mb="0" cb="2"/><line nr="23" mi="0" ci="5" mb="0" cb="0"/><line nr="25" mi="0" ci="5" mb="0" cb="0"/><line nr="26" mi="0" ci="2" mb="0" cb="2"/><line nr="27" mi="0" ci="5" mb="0" cb="0"/><line nr="29" mi="0" ci="4" mb="0" cb="0"/><line nr="30" mi="0" ci="5" mb="0" cb="0"/><line nr="31" mi="0" ci="1" mb="0" cb="0"/><counter type="INSTRUCTION" missed="0" covered="37"/><counter type="BRANCH" missed="0" covered="4"/><counter type="LINE" missed="0" covered="11"/><counter type="COMPLEXITY" missed="0" covered="4"/><counter type="METHOD" missed="0" covered="2"/><counter type="CLASS" missed="0" covered="1"/></sourcefile><sourcefile name="RebalanceCommand.java"><line nr="10" mi="0" ci="2" mb="0" cb="0"/><line nr="11" mi="0" ci="3" mb="0" cb="0"/><line nr="12" mi="0" ci="1" mb="0" cb="0"/><line nr="16" mi="0" ci="3" mb="0" cb="0"/><line nr="17" mi="0" ci="1" mb="0" cb="0"/><counter type="INSTRUCTION" missed="0" covered="10"/><counter type="LINE" missed="0" covered="5"/><counter type="COMPLEXITY" missed="0" covered="2"/><counter type="METHOD" missed="0" covered="2"/><counter type="CLASS" missed="0" covered="1"/></sourcefile><counter type="INSTRUCTION" missed="0" covered="164"/><counter type="BRANCH" missed="0" covered="12"/><counter type="LINE" missed="0" covered="51"/><counter type="COMPLEXITY" missed="0" covered="18"/><counter type="METHOD" missed="0" covered="12"/><counter type="CLASS" missed="0" covered="6"/></package><counter type="INSTRUCTION" missed="142" covered="1433"/><counter type="BRANCH" missed="9" covered="87"/><counter type="LINE" missed="17" covered="328"/><counter type="COMPLEXITY" missed="22" covered="151"/><counter type="METHOD" missed="13" covered="112"/><counter type="CLASS" missed="1" covered="35"/></report>